<?xml version="1.0" encoding="UTF-8"?>
<testsuite name="org.example.TickMastTest" tests="7" skipped="0" failures="0" errors="0" timestamp="2022-07-14T12:40:12" hostname="DESKTOP-LOE2M1L" time="5.521">
  <properties/>
  <testcase name="service1()" classname="org.example.TickMastTest" time="0.107"/>
  <testcase name="service2()" classname="org.example.TickMastTest" time="0.041"/>
  <testcase name="service3()" classname="org.example.TickMastTest" time="1.195"/>
  <testcase name="service4()" classname="org.example.TickMastTest" time="1.13"/>
  <testcase name="service5()" classname="org.example.TickMastTest" time="1.798"/>
  <testcase name="service6()" classname="org.example.TickMastTest" time="0.314"/>
  <testcase name="service7()" classname="org.example.TickMastTest" time="0.912"/>
  <system-out><![CDATA[#### TickMastTest setUp 
#### TickMastTest service1 {city=} 
**** TickMastService::searchData -- {city=} 
TickMastService::searchData -- countrycode NOT PRESENT 
@@@@ TickMastTest service1 -- exception org.example.TickMastException: TickMastService::searchData -- countrycode NOT PRESENT 
#### TickMastTest tearDown 
#### TickMastTest setUp 
#### TickMastTest service2 {countrycode=ua} 
**** TickMastService::searchData -- {countrycode=ua} 
TickMastService::searchData -- countrycode NOT VALID -- ua 
@@@@ TickMastTest service2 -- exception org.example.TickMastException: TickMastService::searchData -- countrycode NOT VALID -- ua 
#### TickMastTest tearDown 
#### TickMastTest setUp 
#### TickMastTest service3 {countrycode=it} 
**** TickMastService::searchData -- {countrycode=it} 
ReprEventParser::JsonToEventParse -- _embedded NOT FOUND 
@@@@ TickMastTest service3 -- exception org.example.TickMastException: ReprEventParser::JsonToEventParse -- _embedded NOT FOUND 
 #### TickMastTest tearDown 
#### TickMastTest setUp 
#### TickMastTest service4 {city=, countrycode=es} 
**** TickMastService::searchData -- {city=, countrycode=es} 
EventToJsonCopy --  100 
#### TickMastTest tearDown 
#### TickMastTest setUp 
#### TickMastTest service5 {city=, countrycode=be} 
**** TickMastService::searchStat -- {city=, countrycode=be} 
Table    0 - City Annevoie-Rouillon - Freq    3 
Table    1 - City Bilzen - Freq   25 
Table    2 - City Brussels - Freq   56 
Table    3 - City Francorchamps - Freq    8 
Table    4 - City Ittre - Freq    2 
Table    5 - City Louveigné - Freq    1 
Table    6 - City Nieuwpoort - Freq    2 
Table    7 - City Oostende - Freq    3 
{"min":1,"avg":12.5,"field":"city","max":56,"sum":100} 
EventToJsonFilter --  100 
#### TickMastTest tearDown 
#### TickMastTest setUp 
#### TickMastTest service6 {countrycode=at, weekday=} 
**** TickMastService::searchStat -- {countrycode=at, weekday=} 
Table    0 - Weekday Sunday - Freq    6 
Table    1 - Weekday Monday - Freq    4 
Table    2 - Weekday Tuesday - Freq    7 
Table    3 - Weekday Wednesday - Freq    4 
Table    4 - Weekday Thursday - Freq    2 
Table    5 - Weekday Friday - Freq    4 
Table    6 - Weekday Saturday - Freq    8 
{"min":2,"avg":5.0,"field":"weekday","max":8,"sum":35} 
EventToJsonFilter --   35 
#### TickMastTest tearDown 
#### TickMastTest setUp 
#### TickMastTest service7 {city=, countrycode=de, weekday=} 
**** TickMastService::searchStat -- {city=, countrycode=de, weekday=} 
Table    0 -- city Aachen -- weekday Friday -- frequency    1 
Table    1 -- city Berlin -- weekday Sunday -- frequency    2 
Table    2 -- city Berlin -- weekday Tuesday -- frequency    2 
Table    3 -- city Berlin -- weekday Wednesday -- frequency    7 
Table    4 -- city Berlin -- weekday Thursday -- frequency    3 
Table    5 -- city Berlin -- weekday Friday -- frequency    6 
Table    6 -- city Berlin -- weekday Saturday -- frequency    3 
Table    7 -- city Bielefeld -- weekday Monday -- frequency    1 
Table    8 -- city Bonn -- weekday Friday -- frequency    1 
Table    9 -- city Cologne -- weekday Sunday -- frequency    5 
Table   10 -- city Cologne -- weekday Monday -- frequency    4 
Table   11 -- city Cologne -- weekday Tuesday -- frequency    5 
Table   12 -- city Cologne -- weekday Wednesday -- frequency    4 
Table   13 -- city Cologne -- weekday Thursday -- frequency    8 
Table   14 -- city Cologne -- weekday Friday -- frequency    8 
Table   15 -- city Cologne -- weekday Saturday -- frequency    4 
Table   16 -- city Dortmund -- weekday Wednesday -- frequency    1 
Table   17 -- city Dresden -- weekday Saturday -- frequency    2 
Table   18 -- city Düsseldorf -- weekday Sunday -- frequency    2 
Table   19 -- city Düsseldorf -- weekday Saturday -- frequency    1 
Table   20 -- city Essen -- weekday Tuesday -- frequency    1 
Table   21 -- city Frankfurt am Main -- weekday Sunday -- frequency    1 
Table   22 -- city Frankfurt am Main -- weekday Tuesday -- frequency    1 
Table   23 -- city Frankfurt am Main -- weekday Friday -- frequency    5 
Table   24 -- city Frankfurt am Main -- weekday Saturday -- frequency    2 
Table   25 -- city Fulda -- weekday Wednesday -- frequency    1 
Table   26 -- city Hagen -- weekday Thursday -- frequency    1 
Table   27 -- city Hamburg -- weekday Wednesday -- frequency    1 
Table   28 -- city Hamburg -- weekday Thursday -- frequency    1 
Table   29 -- city Hamburg -- weekday Friday -- frequency    1 
Table   30 -- city Hannover -- weekday Friday -- frequency    1 
Table   31 -- city Koblenz am Rhein -- weekday Wednesday -- frequency    1 
Table   32 -- city Leipzig -- weekday Sunday -- frequency    1 
Table   33 -- city Munich -- weekday Sunday -- frequency    2 
Table   34 -- city Munich -- weekday Thursday -- frequency    1 
Table   35 -- city Munich -- weekday Saturday -- frequency    1 
Table   36 -- city Mönchengladbach -- weekday Thursday -- frequency    2 
Table   37 -- city Salem -- weekday Thursday -- frequency    1 
Table   38 -- city Ulm -- weekday Sunday -- frequency    1 
Table   39 -- city Ulm -- weekday Friday -- frequency    1 
Table   40 -- city Ulm -- weekday Saturday -- frequency    1 
Table   41 -- city Wiesbaden -- weekday Thursday -- frequency    1 
Table   42 -- city Wuppertal -- weekday Sunday -- frequency    1 
{"minDay":{"city":"Aachen","weekday":"Sunday","frequency":0},"min":0,"avg":0.14285715,"field":"city","max":1,"maxDay":{"city":"Aachen","weekday":"Friday","frequency":1},"sum":1,"value":"Aachen"} 
{"minDay":{"city":"Berlin","weekday":"Monday","frequency":0},"min":0,"avg":3.2857144,"field":"city","max":7,"maxDay":{"city":"Berlin","weekday":"Wednesday","frequency":7},"sum":23,"value":"Berlin"} 
{"minDay":{"city":"Bielefeld","weekday":"Sunday","frequency":0},"min":0,"avg":0.14285715,"field":"city","max":1,"maxDay":{"city":"Bielefeld","weekday":"Monday","frequency":1},"sum":1,"value":"Bielefeld"} 
{"minDay":{"city":"Bonn","weekday":"Sunday","frequency":0},"min":0,"avg":0.14285715,"field":"city","max":1,"maxDay":{"city":"Bonn","weekday":"Friday","frequency":1},"sum":1,"value":"Bonn"} 
{"minDay":{"city":"Cologne","weekday":"Monday","frequency":4},"min":4,"avg":5.428571,"field":"city","max":8,"maxDay":{"city":"Cologne","weekday":"Thursday","frequency":8},"sum":38,"value":"Cologne"} 
{"minDay":{"city":"Dortmund","weekday":"Sunday","frequency":0},"min":0,"avg":0.14285715,"field":"city","max":1,"maxDay":{"city":"Dortmund","weekday":"Wednesday","frequency":1},"sum":1,"value":"Dortmund"} 
{"minDay":{"city":"Dresden","weekday":"Sunday","frequency":0},"min":0,"avg":0.2857143,"field":"city","max":2,"maxDay":{"city":"Dresden","weekday":"Saturday","frequency":2},"sum":2,"value":"Dresden"} 
{"minDay":{"city":"DÃ¼sseldorf","weekday":"Monday","frequency":0},"min":0,"avg":0.42857143,"field":"city","max":2,"maxDay":{"city":"DÃ¼sseldorf","weekday":"Sunday","frequency":2},"sum":3,"value":"DÃ¼sseldorf"} 
{"minDay":{"city":"Essen","weekday":"Sunday","frequency":0},"min":0,"avg":0.14285715,"field":"city","max":1,"maxDay":{"city":"Essen","weekday":"Tuesday","frequency":1},"sum":1,"value":"Essen"} 
{"minDay":{"city":"Frankfurt am Main","weekday":"Monday","frequency":0},"min":0,"avg":1.2857143,"field":"city","max":5,"maxDay":{"city":"Frankfurt am Main","weekday":"Friday","frequency":5},"sum":9,"value":"Frankfurt am Main"} 
{"minDay":{"city":"Fulda","weekday":"Sunday","frequency":0},"min":0,"avg":0.14285715,"field":"city","max":1,"maxDay":{"city":"Fulda","weekday":"Wednesday","frequency":1},"sum":1,"value":"Fulda"} 
{"minDay":{"city":"Hagen","weekday":"Sunday","frequency":0},"min":0,"avg":0.14285715,"field":"city","max":1,"maxDay":{"city":"Hagen","weekday":"Thursday","frequency":1},"sum":1,"value":"Hagen"} 
{"minDay":{"city":"Hamburg","weekday":"Sunday","frequency":0},"min":0,"avg":0.42857143,"field":"city","max":1,"maxDay":{"city":"Hamburg","weekday":"Wednesday","frequency":1},"sum":3,"value":"Hamburg"} 
{"minDay":{"city":"Hannover","weekday":"Sunday","frequency":0},"min":0,"avg":0.14285715,"field":"city","max":1,"maxDay":{"city":"Hannover","weekday":"Friday","frequency":1},"sum":1,"value":"Hannover"} 
{"minDay":{"city":"Koblenz am Rhein","weekday":"Sunday","frequency":0},"min":0,"avg":0.14285715,"field":"city","max":1,"maxDay":{"city":"Koblenz am Rhein","weekday":"Wednesday","frequency":1},"sum":1,"value":"Koblenz am Rhein"} 
{"minDay":{"city":"Leipzig","weekday":"Monday","frequency":0},"min":0,"avg":0.14285715,"field":"city","max":1,"maxDay":{"city":"Leipzig","weekday":"Sunday","frequency":1},"sum":1,"value":"Leipzig"} 
{"minDay":{"city":"Munich","weekday":"Monday","frequency":0},"min":0,"avg":0.5714286,"field":"city","max":2,"maxDay":{"city":"Munich","weekday":"Sunday","frequency":2},"sum":4,"value":"Munich"} 
{"minDay":{"city":"MÃ¶nchengladbach","weekday":"Sunday","frequency":0},"min":0,"avg":0.2857143,"field":"city","max":2,"maxDay":{"city":"MÃ¶nchengladbach","weekday":"Thursday","frequency":2},"sum":2,"value":"MÃ¶nchengladbach"} 
{"minDay":{"city":"Salem","weekday":"Sunday","frequency":0},"min":0,"avg":0.14285715,"field":"city","max":1,"maxDay":{"city":"Salem","weekday":"Thursday","frequency":1},"sum":1,"value":"Salem"} 
{"minDay":{"city":"Ulm","weekday":"Monday","frequency":0},"min":0,"avg":0.42857143,"field":"city","max":1,"maxDay":{"city":"Ulm","weekday":"Sunday","frequency":1},"sum":3,"value":"Ulm"} 
{"minDay":{"city":"Wiesbaden","weekday":"Sunday","frequency":0},"min":0,"avg":0.14285715,"field":"city","max":1,"maxDay":{"city":"Wiesbaden","weekday":"Thursday","frequency":1},"sum":1,"value":"Wiesbaden"} 
{"minDay":{"city":"Wuppertal","weekday":"Monday","frequency":0},"min":0,"avg":0.14285715,"field":"city","max":1,"maxDay":{"city":"Wuppertal","weekday":"Sunday","frequency":1},"sum":1,"value":"Wuppertal"} 
EventToJsonFilter --  100 
#### TickMastTest tearDown 
]]></system-out>
  <system-err><![CDATA[]]></system-err>
</testsuite>
